#
# A fatal error has been detected by the Java Runtime Environment:
#
#  SIGSEGV (0xb) at pc=0x0000000111d4a734, pid=43526, tid=0x0000000000015c57
#
# JRE version: Java(TM) SE Runtime Environment (8.0_171-b11) (build 1.8.0_171-b11)
# Java VM: Java HotSpot(TM) 64-Bit Server VM (25.171-b11 mixed mode bsd-amd64 compressed oops)
# Problematic frame:
# j  com.apple.laf.ScreenPopupFactory._getHeavyWeightPopup(Ljava/awt/Component;Ljava/awt/Component;II)Ljavax/swing/Popup;+0
#
# Failed to write core dump. Core dumps have been disabled. To enable core dumping, try "ulimit -c unlimited" before starting Java again
#
# If you would like to submit a bug report, please visit:
#   http://bugreport.java.com/bugreport/crash.jsp
#

---------------  T H R E A D  ---------------

Current thread (0x00007fc2427cb800):  JavaThread "Timer-371" [_thread_in_Java, id=89175, stack(0x000070000fd45000,0x000070000fe45000)]

siginfo: si_signo: 11 (SIGSEGV), si_code: 1 (SEGV_MAPERR), si_addr: 0x0000000000015c57

Registers:
RAX=0x0000000000015c57, RBX=0x00000001415d8338, RCX=0x00007fc242c1c038, RDX=0x000000000009d460
RSP=0x000070000fe445d0, RBP=0x000070000fe44650, RSI=0x000000010cafa400, RDI=0x00007fc242c1c038
R8 =0x0000000000000005, R9 =0x00007fc241441ba0, R10=0x0000000000000000, R11=0x0000000111d43d1b
R12=0x0000000000000000, R13=0x00000001415d8338, R14=0x000070000fe44690, R15=0x00007fc2427cb800
RIP=0x0000000111d4a734, EFLAGS=0x0000000000010202, ERR=0x0000000000000004
  TRAPNO=0x000000000000000e

Top of Stack: (sp=0x000070000fe445d0)
0x000070000fe445d0:   0000000000000000 0000000111d4a667
0x000070000fe445e0:   00007fc2427cb800 00007fc2427cb800
0x000070000fe445f0:   0000000172f64d70 00007fc2427cb800
0x000070000fe44600:   000070000fe44700 0000000111d56523
0x000070000fe44610:   000070000fe44610 0000000000000000
0x000070000fe44620:   000070000fe44690 00000001415d9be0
0x000070000fe44630:   0000000000000000 00000001415d8338
0x000070000fe44640:   0000000000000000 000070000fe44670
0x000070000fe44650:   000070000fe446d8 0000000111d3a040
0x000070000fe44660:   0000000000000000 0000000111d43d1b
0x000070000fe44670:   00000000000002b7 0000000000000188
0x000070000fe44680:   00000007131b6658 00000004f4a6bb30
0x000070000fe44690:   00000004f38cd3d0 000070000fe44698
0x000070000fe446a0:   00000001415d83eb 000070000fe44720
0x000070000fe446b0:   00000001415d9be0 0000000000000000
0x000070000fe446c0:   00000001415d8498 000070000fe44670
0x000070000fe446d0:   000070000fe44700 000070000fe44770
0x000070000fe446e0:   0000000111d3a040 0000000000000000
0x000070000fe446f0:   0000000000000000 0000000000000000
0x000070000fe44700:   00000000000002b7 0000000000000188
0x000070000fe44710:   00000007131b6658 00000004f4a6bb30
0x000070000fe44720:   00000004f38cd3d0 0000000713190248
0x000070000fe44730:   000070000fe44730 0000000172f64cbe
0x000070000fe44740:   000070000fe447c8 00000001899317e8
0x000070000fe44750:   0000000000000000 0000000172f64d70
0x000070000fe44760:   000070000fe44700 000070000fe447b8
0x000070000fe44770:   000070000fe44810 0000000111d3a2bd
0x000070000fe44780:   00000004f38cd3d0 00000007131b6658
0x000070000fe44790:   00000007131b2920 00000007131b1610
0x000070000fe447a0:   00000004f3824268 00000007131b0278
0x000070000fe447b0:   0000000713270f38 0000000704bb7e10
0x000070000fe447c0:   00000004f4a6bb30 0000000713190248 

Instructions: (pc=0x0000000111d4a734)
0x0000000111d4a714:   11 01 00 00 00 4c 3b 5d 18 0f 85 20 00 00 00 48
0x0000000111d4a724:   8b 04 24 48 83 c4 10 48 85 c0 0f 84 03 00 00 00
0x0000000111d4a734:   48 8b 00 48 89 45 10 48 83 ec 10 48 89 04 24 41
0x0000000111d4a744:   81 bf 9c 02 00 00 01 00 00 00 0f 85 bd 00 00 00 

Register to memory mapping:

RAX=0x0000000000015c57 is an unknown value
RBX={method} {0x00000001415d8338} '_getHeavyWeightPopup' '(Ljava/awt/Component;Ljava/awt/Component;II)Ljavax/swing/Popup;' in 'com/apple/laf/ScreenPopupFactory'
RCX=0x00007fc242c1c038 is an unknown value
RDX=0x000000000009d460 is an unknown value
RSP=0x000070000fe445d0 is pointing into the stack for thread: 0x00007fc2427cb800
RBP=0x000070000fe44650 is pointing into the stack for thread: 0x00007fc2427cb800
RSI=0x000000010cafa400 is an unknown value
RDI=0x00007fc242c1c038 is an unknown value
R8 =0x0000000000000005 is an unknown value
R9 =0x00007fc241441ba0 is an unknown value
R10=0x0000000000000000 is an unknown value
R11=0x0000000111d43d1b is at code_begin+27 in an Interpreter codelet
result handlers for native calls  [0x0000000111d43d00, 0x0000000111d43d20]  32 bytes
R12=0x0000000000000000 is an unknown value
R13={method} {0x00000001415d8338} '_getHeavyWeightPopup' '(Ljava/awt/Component;Ljava/awt/Component;II)Ljavax/swing/Popup;' in 'com/apple/laf/ScreenPopupFactory'
R14=0x000070000fe44690 is pointing into the stack for thread: 0x00007fc2427cb800
R15=0x00007fc2427cb800 is a thread


Stack: [0x000070000fd45000,0x000070000fe45000],  sp=0x000070000fe445d0,  free space=1021k
Native frames: (J=compiled Java code, j=interpreted, Vv=VM code, C=native code)
j  com.apple.laf.ScreenPopupFactory._getHeavyWeightPopup(Ljava/awt/Component;Ljava/awt/Component;II)Ljavax/swing/Popup;+0
j  com.apple.laf.ScreenPopupFactory.getPopup(Ljava/awt/Component;Ljava/awt/Component;II)Ljavax/swing/Popup;+27
j  org.gephi.ui.components.richtooltip.RichTooltip.showTooltip(Ljavax/swing/JComponent;Ljava/awt/Point;)V+294
j  org.gephi.desktop.timeline.TimelineTooltip$1.run()V+73
J 8640 C1 java.util.TimerThread.mainLoop()V (232 bytes) @ 0x00000001131d6164 [0x00000001131d54e0+0xc84]
J 9989 C1 java.util.TimerThread.run()V (74 bytes) @ 0x00000001127c6164 [0x00000001127c60e0+0x84]
v  ~StubRoutines::call_stub
V  [libjvm.dylib+0x2ef1f6]
V  [libjvm.dylib+0x2ef99a]
V  [libjvm.dylib+0x2efb46]
V  [libjvm.dylib+0x34a46d]
V  [libjvm.dylib+0x56eb0f]
V  [libjvm.dylib+0x57020a]
V  [libjvm.dylib+0x48d4a6]
C  [libsystem_pthread.dylib+0x3661]  _pthread_body+0x154
C  [libsystem_pthread.dylib+0x350d]  _pthread_body+0x0
C  [libsystem_pthread.dylib+0x2bf9]  thread_start+0xd
C  0x0000000000000000


---------------  P R O C E S S  ---------------

Java Threads: ( => current thread )
  0x00007fc2428bb000 JavaThread "sampler-awt" daemon [_thread_blocked, id=93371, stack(0x0000700011593000,0x0000700011693000)]
=>0x00007fc2427cb800 JavaThread "Timer-371" [_thread_in_Java, id=89175, stack(0x000070000fd45000,0x000070000fe45000)]
  0x00007fc2426ed800 JavaThread "UpdateAnimator" daemon [_thread_blocked, id=78659, stack(0x0000700011490000,0x0000700011590000)]
  0x00007fc241c06800 JavaThread "DisplayAnimator" daemon [_thread_blocked, id=129379, stack(0x0000700010e7e000,0x0000700010f7e000)]
  0x00007fc23f207800 JavaThread "Inactive RequestProcessor thread [Was:Timeable Event Queue Watch Dog/org.netbeans.core.TimableEventQueue]" daemon [_thread_blocked, id=125227, stack(0x0000700010560000,0x0000700010660000)]
  0x00007fc2409f1800 JavaThread "SwingWorker-pool-3-thread-10" daemon [_thread_blocked, id=36871, stack(0x000070001138d000,0x000070001148d000)]
  0x00007fc23a285000 JavaThread "SwingWorker-pool-3-thread-9" daemon [_thread_blocked, id=66315, stack(0x000070001128a000,0x000070001138a000)]
  0x00007fc240e0a000 JavaThread "SwingWorker-pool-3-thread-8" daemon [_thread_blocked, id=59163, stack(0x0000700011187000,0x0000700011287000)]
  0x00007fc2390a2000 JavaThread "SwingWorker-pool-3-thread-7" daemon [_thread_blocked, id=89383, stack(0x0000700011084000,0x0000700011184000)]
  0x00007fc23f80e000 JavaThread "SwingWorker-pool-3-thread-6" daemon [_thread_blocked, id=69407, stack(0x0000700010f81000,0x0000700011081000)]
  0x00007fc242995800 JavaThread "SwingWorker-pool-3-thread-5" daemon [_thread_blocked, id=89703, stack(0x0000700010d7b000,0x0000700010e7b000)]
  0x00007fc2429e2000 JavaThread "SwingWorker-pool-3-thread-4" daemon [_thread_blocked, id=91179, stack(0x0000700010b75000,0x0000700010c75000)]
  0x00007fc240e16000 JavaThread "SwingWorker-pool-3-thread-3" daemon [_thread_blocked, id=88603, stack(0x000070001045d000,0x000070001055d000)]
  0x00007fc242bba800 JavaThread "SwingWorker-pool-3-thread-2" daemon [_thread_blocked, id=91887, stack(0x000070001035a000,0x000070001045a000)]
  0x00007fc23f8ab000 JavaThread "SwingWorker-pool-3-thread-1" daemon [_thread_blocked, id=47991, stack(0x000070000ffce000,0x00007000100ce000)]
  0x00007fc2397f6800 JavaThread "DataLaboratoryGraphObservers" [_thread_blocked, id=129579, stack(0x0000700010c78000,0x0000700010d78000)]
  0x00007fc24247b800 JavaThread "pool-2-thread-3" [_thread_blocked, id=26887, stack(0x0000700010a72000,0x0000700010b72000)]
  0x00007fc239320800 JavaThread "pool-2-thread-2" [_thread_blocked, id=130635, stack(0x000070001096f000,0x0000700010a6f000)]
  0x00007fc24243a000 JavaThread "pool-2-thread-1" [_thread_blocked, id=55639, stack(0x000070001086c000,0x000070001096c000)]
  0x00007fc242492000 JavaThread "layout" [_thread_in_Java, id=70647, stack(0x0000700010663000,0x0000700010763000)]
  0x00007fc242296000 JavaThread "Filter Auto-Refresh - Workspace 1" daemon [_thread_blocked, id=94019, stack(0x000070000fe48000,0x000070000ff48000)]
  0x00007fc23f2fd800 JavaThread "Filter Thread - Workspace 1" daemon [_thread_blocked, id=69959, stack(0x000070000dcdc000,0x000070000dddc000)]
  0x00007fc242391800 JavaThread "Thread-13" [_thread_blocked, id=95243, stack(0x0000700010769000,0x0000700010869000)]
  0x00007fc242883000 JavaThread "AppearanceColumnObserver" daemon [_thread_blocked, id=126739, stack(0x00007000100d1000,0x00007000101d1000)]
  0x00007fc2422ba800 JavaThread "Context Refresh Thread" daemon [_thread_blocked, id=62495, stack(0x000070000fa3c000,0x000070000fb3c000)]
  0x00007fc241acb800 JavaThread "Timer-0" daemon [_thread_blocked, id=90375, stack(0x00007000101d4000,0x00007000102d4000)]
  0x00007fc23ad79800 JavaThread "DataLaboratoryGraphObservers" [_thread_blocked, id=76039, stack(0x000070000f224000,0x000070000f324000)]
  0x00007fc23a1b6000 JavaThread "DestroyJavaVM" [_thread_blocked, id=10243, stack(0x000070000de65000,0x000070000df65000)]
  0x00007fc23f81e800 JavaThread "TimerQueue" daemon [_thread_blocked, id=61443, stack(0x000070000fc42000,0x000070000fd42000)]
  0x00007fc239cc0800 JavaThread "Thread-5" daemon [_thread_blocked, id=60947, stack(0x000070000fb3f000,0x000070000fc3f000)]
  0x00007fc23a7f7800 JavaThread "File Watcher" daemon [_thread_blocked, id=58119, stack(0x000070000f939000,0x000070000fa39000)]
  0x00007fc23a7f6800 JavaThread "Thread-1" daemon [_thread_in_native, id=65571, stack(0x000070000f836000,0x000070000f936000)]
  0x00007fc23a2e9000 JavaThread "AWT-EventQueue-0" [_thread_blocked, id=55047, stack(0x000070000f630000,0x000070000f730000)]
  0x00007fc239470000 JavaThread "Java2D Disposer" daemon [_thread_blocked, id=74771, stack(0x000070000f52d000,0x000070000f62d000)]
  0x00007fc23ad06800 JavaThread "Java2D Queue Flusher" daemon [_thread_blocked, id=75271, stack(0x000070000f42a000,0x000070000f52a000)]
  0x00007fc23acfb800 JavaThread "RequestProcessor queue manager" daemon [_thread_blocked, id=75783, stack(0x000070000f327000,0x000070000f427000)]
  0x00007fc23937f800 JavaThread "AWT-Shutdown" [_thread_blocked, id=38699, stack(0x000070000ef18000,0x000070000f018000)]
  0x00007fc23abb6000 JavaThread "AWT-AppKit" daemon [_thread_blocked, id=775, stack(0x00007ffee2926000,0x00007ffee3126000)]
  0x00007fc239264000 JavaThread "CLI Requests Server" daemon [_thread_in_native, id=17155, stack(0x000070000ed92000,0x000070000ee92000)]
  0x00007fc239171800 JavaThread "Active Reference Queue Daemon" daemon [_thread_blocked, id=15363, stack(0x000070000ec8f000,0x000070000ed8f000)]
  0x00007fc239804000 JavaThread "Service Thread" daemon [_thread_blocked, id=17667, stack(0x000070000ea89000,0x000070000eb89000)]
  0x00007fc23901c800 JavaThread "C1 CompilerThread2" daemon [_thread_blocked, id=14595, stack(0x000070000e986000,0x000070000ea86000)]
  0x00007fc23a85b000 JavaThread "C2 CompilerThread1" daemon [_thread_blocked, id=14339, stack(0x000070000e883000,0x000070000e983000)]
  0x00007fc239803000 JavaThread "C2 CompilerThread0" daemon [_thread_blocked, id=13827, stack(0x000070000e780000,0x000070000e880000)]
  0x00007fc239049800 JavaThread "Signal Dispatcher" daemon [_thread_blocked, id=18439, stack(0x000070000e67d000,0x000070000e77d000)]
  0x00007fc23901b000 JavaThread "Finalizer" daemon [_thread_blocked, id=11779, stack(0x000070000e57a000,0x000070000e67a000)]
  0x00007fc23a825800 JavaThread "Reference Handler" daemon [_thread_blocked, id=20739, stack(0x000070000e477000,0x000070000e577000)]

Other Threads:
  0x00007fc239802800 VMThread [stack: 0x000070000e374000,0x000070000e474000] [id=20995]
  0x00007fc23a831800 WatcherThread [stack: 0x000070000eb8c000,0x000070000ec8c000] [id=15107]

VM state:synchronizing (normal execution)

VM Mutex/Monitor currently owned by a thread:  ([mutex/lock_event])
[0x00007fc238f03ef0] Safepoint_lock - owner thread: 0x00007fc239802800
[0x00007fc238f03f70] Threads_lock - owner thread: 0x00007fc239802800

Heap:
 PSYoungGen      total 3900416K, used 1104675K [0x00000006d1180000, 0x00000007c0000000, 0x00000007c0000000)
  eden space 3887616K, 28% used [0x00000006d1180000,0x0000000713c4d308,0x00000007be600000)
  from space 12800K, 95% used [0x00000007bf380000,0x00000007bff7ba00,0x00000007c0000000)
  to   space 13312K, 0% used [0x00000007be600000,0x00000007be600000,0x00000007bf300000)
 ParOldGen       total 162304K, used 50177K [0x00000004f3400000, 0x00000004fd280000, 0x00000006d1180000)
  object space 162304K, 30% used [0x00000004f3400000,0x00000004f6500458,0x00000004fd280000)
 Metaspace       used 58216K, capacity 63110K, committed 63384K, reserved 1103872K
  class space    used 7038K, capacity 8514K, committed 8616K, reserved 1048576K

Card table byte_map: [0x000000010e76e000,0x000000010fdd5000] byte_map_base: 0x000000010bfd4000

Marking Bits: (ParMarkBitMap*) 0x000000010dcf76e0
 Begin Bits: [0x0000000120d32000, 0x000000012c062000)
 End Bits:   [0x000000012c062000, 0x0000000137392000)

Polling page: 0x000000010cb57000

CodeCache: size=245760Kb used=27912Kb max_used=28443Kb free=217847Kb
 bounds [0x0000000111d32000, 0x0000000113932000, 0x0000000120d32000]
 total_blobs=9480 nmethods=8321 adapters=1069
 compilation: enabled

Compilation events (10 events):
Event: 1194.342 Thread 0x00007fc239803000 nmethod 10548 0x0000000113695710 code [0x0000000113695860, 0x00000001136958d8]
Event: 1194.343 Thread 0x00007fc23a85b000 10550       4       sun.font.SunFontManager::getInstance (9 bytes)
Event: 1194.345 Thread 0x00007fc23901c800 10551       1       sun.font.GlyphLayout::access$000 (5 bytes)
Event: 1194.345 Thread 0x00007fc23901c800 nmethod 10551 0x0000000113576910 code [0x0000000113576a60, 0x0000000113576b50]
Event: 1194.346 Thread 0x00007fc23a85b000 nmethod 10550 0x00000001128980d0 code [0x0000000112898240, 0x00000001128984b8]
Event: 1194.346 Thread 0x00007fc23a85b000 10553       4       sun.font.StandardGlyphVector::setFRCTX (26 bytes)
Event: 1194.347 Thread 0x00007fc23901c800 10552       3       sun.font.StandardGlyphVector::getGlyphOutlineBounds (41 bytes)
Event: 1194.348 Thread 0x00007fc239803000 10558       4       java.awt.geom.RectangularShape::getMinX (5 bytes)
Event: 1194.348 Thread 0x00007fc23a85b000 nmethod 10553 0x0000000112e5b110 code [0x0000000112e5b260, 0x0000000112e5b438]
Event: 1194.348 Thread 0x00007fc23a85b000 10559       4       java.awt.geom.RectangularShape::getMinY (5 bytes)

GC Heap History (10 events):
Event: 1169.280 GC heap before
{Heap before GC invocations=387 (full 5):
 PSYoungGen      total 3903488K, used 3902650K [0x00000006d1180000, 0x00000007c0000000, 0x00000007c0000000)
  eden space 3892736K, 100% used [0x00000006d1180000,0x00000007beb00000,0x00000007beb00000)
  from space 10752K, 92% used [0x00000007beb00000,0x00000007bf4ae810,0x00000007bf580000)
  to   space 10752K, 0% used [0x00000007bf580000,0x00000007bf580000,0x00000007c0000000)
 ParOldGen       total 162304K, used 46355K [0x00000004f3400000, 0x00000004fd280000, 0x00000006d1180000)
  object space 162304K, 28% used [0x00000004f3400000,0x00000004f6144d50,0x00000004fd280000)
 Metaspace       used 57831K, capacity 62756K, committed 63000K, reserved 1103872K
  class space    used 6999K, capacity 8480K, committed 8488K, reserved 1048576K
Event: 1169.293 GC heap after
Heap after GC invocations=387 (full 5):
 PSYoungGen      total 3902464K, used 10743K [0x00000006d1180000, 0x00000007c0000000, 0x00000007c0000000)
  eden space 3891712K, 0% used [0x00000006d1180000,0x00000006d1180000,0x00000007bea00000)
  from space 10752K, 99% used [0x00000007bf580000,0x00000007bfffddd0,0x00000007c0000000)
  to   space 11264K, 0% used [0x00000007bea00000,0x00000007bea00000,0x00000007bf500000)
 ParOldGen       total 162304K, used 47833K [0x00000004f3400000, 0x00000004fd280000, 0x00000006d1180000)
  object space 162304K, 29% used [0x00000004f3400000,0x00000004f62b6470,0x00000004fd280000)
 Metaspace       used 57831K, capacity 62756K, committed 63000K, reserved 1103872K
  class space    used 6999K, capacity 8480K, committed 8488K, reserved 1048576K
}
Event: 1174.467 GC heap before
{Heap before GC invocations=388 (full 5):
 PSYoungGen      total 3902464K, used 3902455K [0x00000006d1180000, 0x00000007c0000000, 0x00000007c0000000)
  eden space 3891712K, 100% used [0x00000006d1180000,0x00000007bea00000,0x00000007bea00000)
  from space 10752K, 99% used [0x00000007bf580000,0x00000007bfffddd0,0x00000007c0000000)
  to   space 11264K, 0% used [0x00000007bea00000,0x00000007bea00000,0x00000007bf500000)
 ParOldGen       total 162304K, used 47833K [0x00000004f3400000, 0x00000004fd280000, 0x00000006d1180000)
  object space 162304K, 29% used [0x00000004f3400000,0x00000004f62b6470,0x00000004fd280000)
 Metaspace       used 57854K, capacity 62756K, committed 63000K, reserved 1103872K
  class space    used 6999K, capacity 8480K, committed 8488K, reserved 1048576K
Event: 1174.477 GC heap after
Heap after GC invocations=388 (full 5):
 PSYoungGen      total 3902976K, used 11249K [0x00000006d1180000, 0x00000007c0000000, 0x00000007c0000000)
  eden space 3891712K, 0% used [0x00000006d1180000,0x00000006d1180000,0x00000007bea00000)
  from space 11264K, 99% used [0x00000007bea00000,0x00000007bf4fc770,0x00000007bf500000)
  to   space 11264K, 0% used [0x00000007bf500000,0x00000007bf500000,0x00000007c0000000)
 ParOldGen       total 162304K, used 49069K [0x00000004f3400000, 0x00000004fd280000, 0x00000006d1180000)
  object space 162304K, 30% used [0x00000004f3400000,0x00000004f63eb6f8,0x00000004fd280000)
 Metaspace       used 57854K, capacity 62756K, committed 63000K, reserved 1103872K
  class space    used 6999K, capacity 8480K, committed 8488K, reserved 1048576K
}
Event: 1181.149 GC heap before
{Heap before GC invocations=389 (full 5):
 PSYoungGen      total 3902976K, used 3902961K [0x00000006d1180000, 0x00000007c0000000, 0x00000007c0000000)
  eden space 3891712K, 100% used [0x00000006d1180000,0x00000007bea00000,0x00000007bea00000)
  from space 11264K, 99% used [0x00000007bea00000,0x00000007bf4fc770,0x00000007bf500000)
  to   space 11264K, 0% used [0x00000007bf500000,0x00000007bf500000,0x00000007c0000000)
 ParOldGen       total 162304K, used 49069K [0x00000004f3400000, 0x00000004fd280000, 0x00000006d1180000)
  object space 162304K, 30% used [0x00000004f3400000,0x00000004f63eb6f8,0x00000004fd280000)
 Metaspace       used 57866K, capacity 62758K, committed 63000K, reserved 1103872K
  class space    used 7001K, capacity 8482K, committed 8488K, reserved 1048576K
Event: 1181.166 GC heap after
Heap after GC invocations=389 (full 5):
 PSYoungGen      total 3899904K, used 11246K [0x00000006d1180000, 0x00000007c0000000, 0x00000007c0000000)
  eden space 3888640K, 0% used [0x00000006d1180000,0x00000006d1180000,0x00000007be700000)
  from space 11264K, 99% used [0x00000007bf500000,0x00000007bfffba60,0x00000007c0000000)
  to   space 12800K, 0% used [0x00000007be700000,0x00000007be700000,0x00000007bf380000)
 ParOldGen       total 162304K, used 50177K [0x00000004f3400000, 0x00000004fd280000, 0x00000006d1180000)
  object space 162304K, 30% used [0x00000004f3400000,0x00000004f6500458,0x00000004fd280000)
 Metaspace       used 57866K, capacity 62758K, committed 63000K, reserved 1103872K
  class space    used 7001K, capacity 8482K, committed 8488K, reserved 1048576K
}
Event: 1186.598 GC heap before
{Heap before GC invocations=390 (full 5):
 PSYoungGen      total 3899904K, used 3899886K [0x00000006d1180000, 0x00000007c0000000, 0x00000007c0000000)
  eden space 3888640K, 100% used [0x00000006d1180000,0x00000007be700000,0x00000007be700000)
  from space 11264K, 99% used [0x00000007bf500000,0x00000007bfffba60,0x00000007c0000000)
  to   space 12800K, 0% used [0x00000007be700000,0x00000007be700000,0x00000007bf380000)
 ParOldGen       total 162304K, used 50177K [0x00000004f3400000, 0x00000004fd280000, 0x00000006d1180000)
  object space 162304K, 30% used [0x00000004f3400000,0x00000004f6500458,0x00000004fd280000)
 Metaspace       used 57868K, capacity 62758K, committed 63000K, reserved 1103872K
  class space    used 7001K, capacity 8482K, committed 8488K, reserved 1048576K
Event: 1186.609 GC heap after
Heap after GC invocations=390 (full 5):
 PSYoungGen      total 3901440K, used 11786K [0x00000006d1180000, 0x00000007c0000000, 0x00000007c0000000)
  eden space 3888640K, 0% used [0x00000006d1180000,0x00000006d1180000,0x00000007be700000)
  from space 12800K, 92% used [0x00000007be700000,0x00000007bf2829e8,0x00000007bf380000)
  to   space 12800K, 0% used [0x00000007bf380000,0x00000007bf380000,0x00000007c0000000)
 ParOldGen       total 162304K, used 50177K [0x00000004f3400000, 0x00000004fd280000, 0x00000006d1180000)
  object space 162304K, 30% used [0x00000004f3400000,0x00000004f6500458,0x00000004fd280000)
 Metaspace       used 57868K, capacity 62758K, committed 63000K, reserved 1103872K
  class space    used 7001K, capacity 8482K, committed 8488K, reserved 1048576K
}
Event: 1192.735 GC heap before
{Heap before GC invocations=391 (full 5):
 PSYoungGen      total 3901440K, used 3900426K [0x00000006d1180000, 0x00000007c0000000, 0x00000007c0000000)
  eden space 3888640K, 100% used [0x00000006d1180000,0x00000007be700000,0x00000007be700000)
  from space 12800K, 92% used [0x00000007be700000,0x00000007bf2829e8,0x00000007bf380000)
  to   space 12800K, 0% used [0x00000007bf380000,0x00000007bf380000,0x00000007c0000000)
 ParOldGen       total 162304K, used 50177K [0x00000004f3400000, 0x00000004fd280000, 0x00000006d1180000)
  object space 162304K, 30% used [0x00000004f3400000,0x00000004f6500458,0x00000004fd280000)
 Metaspace       used 57869K, capacity 62758K, committed 63000K, reserved 1103872K
  class space    used 7001K, capacity 8482K, committed 8488K, reserved 1048576K
Event: 1192.742 GC heap after
Heap after GC invocations=391 (full 5):
 PSYoungGen      total 3900416K, used 12270K [0x00000006d1180000, 0x00000007c0000000, 0x00000007c0000000)
  eden space 3887616K, 0% used [0x00000006d1180000,0x00000006d1180000,0x00000007be600000)
  from space 12800K, 95% used [0x00000007bf380000,0x00000007bff7ba00,0x00000007c0000000)
  to   space 13312K, 0% used [0x00000007be600000,0x00000007be600000,0x00000007bf300000)
 ParOldGen       total 162304K, used 50177K [0x00000004f3400000, 0x00000004fd280000, 0x00000006d1180000)
  object space 162304K, 30% used [0x00000004f3400000,0x00000004f6500458,0x00000004fd280000)
 Metaspace       used 57869K, capacity 62758K, committed 63000K, reserved 1103872K
  class space    used 7001K, capacity 8482K, committed 8488K, reserved 1048576K
}

Deoptimization events (10 events):
Event: 1178.582 Thread 0x00007fc241c06800 Uncommon trap: reason=class_check action=maybe_recompile pc=0x0000000112f573c0 method=java.awt.EventQueue.coalesceEvent(Ljava/awt/AWTEvent;I)Z @ 77
Event: 1194.307 Thread 0x00007fc2427cb800 Uncommon trap: reason=bimorphic action=maybe_recompile pc=0x0000000111e5bb38 method=java.io.DataInputStream.readChar()C @ 4
Event: 1194.307 Thread 0x00007fc2427cb800 Uncommon trap: reason=bimorphic action=maybe_recompile pc=0x0000000111e5bb38 method=java.io.DataInputStream.readChar()C @ 4
Event: 1194.307 Thread 0x00007fc2427cb800 Uncommon trap: reason=bimorphic action=maybe_recompile pc=0x0000000111e5bb38 method=java.io.DataInputStream.readChar()C @ 4
Event: 1194.307 Thread 0x00007fc2427cb800 Uncommon trap: reason=bimorphic action=maybe_recompile pc=0x0000000111e5bb38 method=java.io.DataInputStream.readChar()C @ 4
Event: 1194.330 Thread 0x00007fc2427cb800 Uncommon trap: reason=unstable_if action=reinterpret pc=0x00000001122b2474 method=java.awt.geom.AffineTransform.updateState()V @ 24
Event: 1194.340 Thread 0x00007fc2427cb800 Uncommon trap: reason=unstable_if action=reinterpret pc=0x0000000112d6e5c8 method=java.awt.geom.Path2D$Float.getBounds2D()Ljava/awt/geom/Rectangle2D; @ 8
Event: 1194.340 Thread 0x00007fc2427cb800 Uncommon trap: reason=unstable_if action=reinterpret pc=0x0000000112d26e24 method=java.awt.geom.Rectangle2D$Float.isEmpty()Z @ 6
Event: 1194.344 Thread 0x00007fc2427cb800 Uncommon trap: reason=unstable_if action=reinterpret pc=0x0000000112d711f0 method=java.awt.geom.Path2D$Float.getBounds2D()Ljava/awt/geom/Rectangle2D; @ 8
Event: 1194.348 Thread 0x00007fc2427cb800 Uncommon trap: reason=unstable_if action=reinterpret pc=0x0000000112d7bbdc method=java.awt.geom.Path2D$Float.getBounds2D()Ljava/awt/geom/Rectangle2D; @ 8

Classes redefined (0 events):
No events

Internal exceptions (10 events):
Event: 261.644 Thread 0x00007fc23a2e9000 Implicit null exception at 0x00000001132d0dd4 to 0x00000001132d1bf5
Event: 261.943 Thread 0x00007fc23a2e9000 Implicit null exception at 0x000000011341f050 to 0x000000011341fe11
Event: 261.943 Thread 0x00007fc23a2e9000 Implicit null exception at 0x00000001128a2414 to 0x00000001128a245e
Event: 263.222 Thread 0x00007fc23a2e9000 Implicit null exception at 0x000000011266b76c to 0x000000011266d1a5
Event: 1163.695 Thread 0x00007fc23a2e9000 Implicit null exception at 0x0000000113654cfb to 0x000000011365962d
Event: 1164.825 Thread 0x00007fc23a2e9000 Implicit null exception at 0x0000000112e5b170 to 0x0000000112e5b2b1
Event: 1165.479 Thread 0x00007fc23a2e9000 Implicit null exception at 0x0000000112d3a255 to 0x0000000112d3a2c5
Event: 1165.525 Thread 0x00007fc23a2e9000 Implicit null exception at 0x0000000112e12031 to 0x0000000112e120e9
Event: 1194.348 Thread 0x00007fc2427cb800 Exception <a 'java/lang/ArrayIndexOutOfBoundsException': -1> (0x0000000713279c58) thrown at [/Users/java_re/workspace/8-2-build-macosx-x86_64/jdk8u171/10807/hotspot/src/share/vm/interpreter/interpreterRuntime.cpp, line 366]
Event: 1194.349 Thread 0x00007fc2427cb800 Exception <a 'java/lang/ArrayIndexOutOfBoundsException'> (0x0000000713279c58) thrown at [/Users/java_re/workspace/8-2-build-macosx-x86_64/jdk8u171/10807/hotspot/src/share/vm/prims/jni.cpp, line 709]

Events (10 events):
Event: 1194.346 Executing VM operation: RevokeBias done
Event: 1194.346 Executing VM operation: RevokeBias
Event: 1194.346 Executing VM operation: RevokeBias done
Event: 1194.347 Executing VM operation: RevokeBias
Event: 1194.347 Executing VM operation: RevokeBias done
Event: 1194.348 Thread 0x00007fc2427cb800 Uncommon trap: trap_request=0xffffff65 fr.pc=0x0000000112d7bbdc
Event: 1194.348 Executing VM operation: RevokeBias
Event: 1194.348 Executing VM operation: RevokeBias done
Event: 1194.348 Thread 0x00007fc2427cb800 DEOPT PACKING pc=0x0000000112d7bbdc sp=0x000070000fe43250
Event: 1194.348 Thread 0x00007fc2427cb800 DEOPT UNPACKING pc=0x0000000111d7773a sp=0x000070000fe43090 mode 2


Dynamic libraries:
0x000000000f6fa000 	/System/Library/Frameworks/Cocoa.framework/Versions/A/Cocoa
0x000000000f6fa000 	/System/Library/Frameworks/Security.framework/Versions/A/Security
0x000000000f6fa000 	/System/Library/Frameworks/ApplicationServices.framework/Versions/A/ApplicationServices
0x000000000f6fa000 	/usr/lib/libz.1.dylib
0x000000000f6fa000 	/usr/lib/libSystem.B.dylib
0x000000000f6fa000 	/usr/lib/libobjc.A.dylib
0x000000000f6fa000 	/System/Library/Frameworks/CoreFoundation.framework/Versions/A/CoreFoundation
0x000000000f6fa000 	/System/Library/Frameworks/Foundation.framework/Versions/C/Foundation
0x000000000f6fa000 	/System/Library/Frameworks/AppKit.framework/Versions/C/AppKit
0x000000000f6fa000 	/System/Library/Frameworks/CoreData.framework/Versions/A/CoreData
0x000000000f6fa000 	/System/Library/PrivateFrameworks/RemoteViewServices.framework/Versions/A/RemoteViewServices
0x000000000f6fa000 	/System/Library/PrivateFrameworks/UIFoundation.framework/Versions/A/UIFoundation
0x000000000f6fa000 	/System/Library/PrivateFrameworks/DFRFoundation.framework/Versions/A/DFRFoundation
0x000000000f6fa000 	/System/Library/Frameworks/Metal.framework/Versions/A/Metal
0x000000000f6fa000 	/System/Library/PrivateFrameworks/DesktopServicesPriv.framework/Versions/A/DesktopServicesPriv
0x000000000f6fa000 	/usr/lib/libenergytrace.dylib
0x000000000f6fa000 	/System/Library/PrivateFrameworks/SkyLight.framework/Versions/A/SkyLight
0x000000000f6fa000 	/System/Library/Frameworks/CoreGraphics.framework/Versions/A/CoreGraphics
0x000000000f6fa000 	/usr/lib/libScreenReader.dylib
0x000000000f6fa000 	/System/Library/Frameworks/Accelerate.framework/Versions/A/Accelerate
0x000000000f6fa000 	/System/Library/Frameworks/IOSurface.framework/Versions/A/IOSurface
0x000000000f6fa000 	/System/Library/Frameworks/AudioToolbox.framework/Versions/A/AudioToolbox
0x000000000f6fa000 	/System/Library/Frameworks/AudioUnit.framework/Versions/A/AudioUnit
0x000000000f6fa000 	/System/Library/PrivateFrameworks/DataDetectorsCore.framework/Versions/A/DataDetectorsCore
0x000000000f6fa000 	/System/Library/Frameworks/Carbon.framework/Versions/A/Frameworks/HIToolbox.framework/Versions/A/HIToolbox
0x000000000f6fa000 	/usr/lib/libicucore.A.dylib
0x000000000f6fa000 	/System/Library/Frameworks/QuartzCore.framework/Versions/A/QuartzCore
0x000000000f6fa000 	/System/Library/PrivateFrameworks/SignpostNotification.framework/Versions/A/SignpostNotification
0x000000000f6fa000 	/System/Library/Frameworks/Carbon.framework/Versions/A/Frameworks/SpeechRecognition.framework/Versions/A/SpeechRecognition
0x000000000f6fa000 	/usr/lib/libauto.dylib
0x000000000f6fa000 	/usr/lib/libxml2.2.dylib
0x000000000f6fa000 	/System/Library/PrivateFrameworks/CoreUI.framework/Versions/A/CoreUI
0x000000000f6fa000 	/System/Library/Frameworks/CoreAudio.framework/Versions/A/CoreAudio
0x000000000f6fa000 	/System/Library/Frameworks/DiskArbitration.framework/Versions/A/DiskArbitration
0x000000000f6fa000 	/usr/lib/liblangid.dylib
0x000000000f6fa000 	/System/Library/PrivateFrameworks/MultitouchSupport.framework/Versions/A/MultitouchSupport
0x000000000f6fa000 	/System/Library/Frameworks/IOKit.framework/Versions/A/IOKit
0x000000000f6fa000 	/usr/lib/libDiagnosticMessagesClient.dylib
0x000000000f6fa000 	/System/Library/Frameworks/CoreServices.framework/Versions/A/CoreServices
0x000000000f6fa000 	/System/Library/PrivateFrameworks/PerformanceAnalysis.framework/Versions/A/PerformanceAnalysis
0x000000000f6fa000 	/System/Library/Frameworks/OpenGL.framework/Versions/A/OpenGL
0x000000000f6fa000 	/System/Library/Frameworks/ColorSync.framework/Versions/A/ColorSync
0x000000000f6fa000 	/System/Library/Frameworks/CoreImage.framework/Versions/A/CoreImage
0x000000000f6fa000 	/System/Library/Frameworks/CoreText.framework/Versions/A/CoreText
0x000000000f6fa000 	/System/Library/Frameworks/ImageIO.framework/Versions/A/ImageIO
0x000000000f6fa000 	/System/Library/PrivateFrameworks/Backup.framework/Versions/A/Backup
0x000000000f6fa000 	/usr/lib/libarchive.2.dylib
0x000000000f6fa000 	/System/Library/Frameworks/CFNetwork.framework/Versions/A/CFNetwork
0x000000000f6fa000 	/System/Library/Frameworks/SystemConfiguration.framework/Versions/A/SystemConfiguration
0x000000000f6fa000 	/usr/lib/libCRFSuite.dylib
0x000000000f6fa000 	/usr/lib/libc++.1.dylib
0x000000000f6fa000 	/usr/lib/libc++abi.dylib
0x000000000f6fa000 	/usr/lib/system/libcache.dylib
0x000000000f6fa000 	/usr/lib/system/libcommonCrypto.dylib
0x000000000f6fa000 	/usr/lib/system/libcompiler_rt.dylib
0x000000000f6fa000 	/usr/lib/system/libcopyfile.dylib
0x000000000f6fa000 	/usr/lib/system/libcorecrypto.dylib
0x000000000f6fa000 	/usr/lib/system/libdispatch.dylib
0x000000000f6fa000 	/usr/lib/system/libdyld.dylib
0x000000000f6fa000 	/usr/lib/system/libkeymgr.dylib
0x000000000f6fa000 	/usr/lib/system/liblaunch.dylib
0x000000000f6fa000 	/usr/lib/system/libmacho.dylib
0x000000000f6fa000 	/usr/lib/system/libquarantine.dylib
0x000000000f6fa000 	/usr/lib/system/libremovefile.dylib
0x000000000f6fa000 	/usr/lib/system/libsystem_asl.dylib
0x000000000f6fa000 	/usr/lib/system/libsystem_blocks.dylib
0x000000000f6fa000 	/usr/lib/system/libsystem_c.dylib
0x000000000f6fa000 	/usr/lib/system/libsystem_configuration.dylib
0x000000000f6fa000 	/usr/lib/system/libsystem_coreservices.dylib
0x000000000f6fa000 	/usr/lib/system/libsystem_darwin.dylib
0x000000000f6fa000 	/usr/lib/system/libsystem_dnssd.dylib
0x000000000f6fa000 	/usr/lib/system/libsystem_info.dylib
0x000000000f6fa000 	/usr/lib/system/libsystem_m.dylib
0x000000000f6fa000 	/usr/lib/system/libsystem_malloc.dylib
0x000000000f6fa000 	/usr/lib/system/libsystem_network.dylib
0x000000000f6fa000 	/usr/lib/system/libsystem_networkextension.dylib
0x000000000f6fa000 	/usr/lib/system/libsystem_notify.dylib
0x000000000f6fa000 	/usr/lib/system/libsystem_sandbox.dylib
0x000000000f6fa000 	/usr/lib/system/libsystem_secinit.dylib
0x000000000f6fa000 	/usr/lib/system/libsystem_kernel.dylib
0x000000000f6fa000 	/usr/lib/system/libsystem_platform.dylib
0x000000000f6fa000 	/usr/lib/system/libsystem_pthread.dylib
0x000000000f6fa000 	/usr/lib/system/libsystem_symptoms.dylib
0x000000000f6fa000 	/usr/lib/system/libsystem_trace.dylib
0x000000000f6fa000 	/usr/lib/system/libunwind.dylib
0x000000000f6fa000 	/usr/lib/system/libxpc.dylib
0x000000000f6fa000 	/usr/lib/closure/libclosured.dylib
0x000000000f6fa000 	/usr/lib/libbsm.0.dylib
0x000000000f6fa000 	/usr/lib/system/libkxld.dylib
0x000000000f6fa000 	/usr/lib/libOpenScriptingUtil.dylib
0x000000000f6fa000 	/usr/lib/libcoretls.dylib
0x000000000f6fa000 	/usr/lib/libcoretls_cfhelpers.dylib
0x000000000f6fa000 	/usr/lib/libpam.2.dylib
0x000000000f6fa000 	/usr/lib/libsqlite3.dylib
0x000000000f6fa000 	/usr/lib/libxar.1.dylib
0x000000000f6fa000 	/usr/lib/libbz2.1.0.dylib
0x000000000f6fa000 	/usr/lib/liblzma.5.dylib
0x000000000f6fa000 	/usr/lib/libnetwork.dylib
0x000000000f6fa000 	/usr/lib/libapple_nghttp2.dylib
0x000000000f6fa000 	/usr/lib/libpcap.A.dylib
0x000000000f6fa000 	/usr/lib/libboringssl.dylib
0x000000000f6fa000 	/usr/lib/libusrtcp.dylib
0x000000000f6fa000 	/usr/lib/libapple_crypto.dylib
0x000000000f6fa000 	/System/Library/Frameworks/CoreServices.framework/Versions/A/Frameworks/FSEvents.framework/Versions/A/FSEvents
0x000000000f6fa000 	/System/Library/Frameworks/CoreServices.framework/Versions/A/Frameworks/CarbonCore.framework/Versions/A/CarbonCore
0x000000000f6fa000 	/System/Library/Frameworks/CoreServices.framework/Versions/A/Frameworks/Metadata.framework/Versions/A/Metadata
0x000000000f6fa000 	/System/Library/Frameworks/CoreServices.framework/Versions/A/Frameworks/OSServices.framework/Versions/A/OSServices
0x000000000f6fa000 	/System/Library/Frameworks/CoreServices.framework/Versions/A/Frameworks/SearchKit.framework/Versions/A/SearchKit
0x000000000f6fa000 	/System/Library/Frameworks/CoreServices.framework/Versions/A/Frameworks/AE.framework/Versions/A/AE
0x000000000f6fa000 	/System/Library/Frameworks/CoreServices.framework/Versions/A/Frameworks/LaunchServices.framework/Versions/A/LaunchServices
0x000000000f6fa000 	/System/Library/Frameworks/CoreServices.framework/Versions/A/Frameworks/DictionaryServices.framework/Versions/A/DictionaryServices
0x000000000f6fa000 	/System/Library/Frameworks/CoreServices.framework/Versions/A/Frameworks/SharedFileList.framework/Versions/A/SharedFileList
0x000000000f6fa000 	/System/Library/Frameworks/NetFS.framework/Versions/A/NetFS
0x000000000f6fa000 	/System/Library/PrivateFrameworks/NetAuth.framework/Versions/A/NetAuth
0x000000000f6fa000 	/System/Library/PrivateFrameworks/login.framework/Versions/A/Frameworks/loginsupport.framework/Versions/A/loginsupport
0x000000000f6fa000 	/System/Library/PrivateFrameworks/TCC.framework/Versions/A/TCC
0x000000000f6fa000 	/usr/lib/libmecabra.dylib
0x000000000f6fa000 	/System/Library/Frameworks/ApplicationServices.framework/Versions/A/Frameworks/ATS.framework/Versions/A/ATS
0x000000000f6fa000 	/System/Library/Frameworks/ApplicationServices.framework/Versions/A/Frameworks/ColorSyncLegacy.framework/Versions/A/ColorSyncLegacy
0x000000000f6fa000 	/System/Library/Frameworks/ApplicationServices.framework/Versions/A/Frameworks/HIServices.framework/Versions/A/HIServices
0x000000000f6fa000 	/System/Library/Frameworks/ApplicationServices.framework/Versions/A/Frameworks/LangAnalysis.framework/Versions/A/LangAnalysis
0x000000000f6fa000 	/System/Library/Frameworks/ApplicationServices.framework/Versions/A/Frameworks/PrintCore.framework/Versions/A/PrintCore
0x000000000f6fa000 	/System/Library/Frameworks/ApplicationServices.framework/Versions/A/Frameworks/QD.framework/Versions/A/QD
0x000000000f6fa000 	/System/Library/Frameworks/ApplicationServices.framework/Versions/A/Frameworks/SpeechSynthesis.framework/Versions/A/SpeechSynthesis
0x000000000f6fa000 	/System/Library/Frameworks/CoreDisplay.framework/Versions/A/CoreDisplay
0x000000000f6fa000 	/System/Library/Frameworks/Accelerate.framework/Versions/A/Frameworks/vImage.framework/Versions/A/vImage
0x000000000f6fa000 	/System/Library/Frameworks/Accelerate.framework/Versions/A/Frameworks/vecLib.framework/Versions/A/vecLib
0x000000000f6fa000 	/System/Library/Frameworks/Accelerate.framework/Versions/A/Frameworks/vecLib.framework/Versions/A/libvDSP.dylib
0x000000000f6fa000 	/System/Library/Frameworks/Accelerate.framework/Versions/A/Frameworks/vecLib.framework/Versions/A/libBNNS.dylib
0x000000000f6fa000 	/System/Library/Frameworks/Accelerate.framework/Versions/A/Frameworks/vecLib.framework/Versions/A/libQuadrature.dylib
0x000000000f6fa000 	/System/Library/Frameworks/Accelerate.framework/Versions/A/Frameworks/vecLib.framework/Versions/A/libvMisc.dylib
0x000000000f6fa000 	/System/Library/Frameworks/Accelerate.framework/Versions/A/Frameworks/vecLib.framework/Versions/A/libLAPACK.dylib
0x000000000f6fa000 	/System/Library/Frameworks/Accelerate.framework/Versions/A/Frameworks/vecLib.framework/Versions/A/libBLAS.dylib
0x000000000f6fa000 	/System/Library/Frameworks/Accelerate.framework/Versions/A/Frameworks/vecLib.framework/Versions/A/libLinearAlgebra.dylib
0x000000000f6fa000 	/System/Library/Frameworks/Accelerate.framework/Versions/A/Frameworks/vecLib.framework/Versions/A/libSparse.dylib
0x000000000f6fa000 	/System/Library/Frameworks/Accelerate.framework/Versions/A/Frameworks/vecLib.framework/Versions/A/libSparseBLAS.dylib
0x000000000f6fa000 	/System/Library/PrivateFrameworks/GPUWrangler.framework/Versions/A/GPUWrangler
0x000000000f6fa000 	/System/Library/PrivateFrameworks/IOAccelerator.framework/Versions/A/IOAccelerator
0x000000000f6fa000 	/System/Library/PrivateFrameworks/IOPresentment.framework/Versions/A/IOPresentment
0x000000000f6fa000 	/System/Library/PrivateFrameworks/DSExternalDisplay.framework/Versions/A/DSExternalDisplay
0x000000000f6fa000 	/System/Library/Frameworks/OpenGL.framework/Versions/A/Libraries/libCoreFSCache.dylib
0x000000000f6fa000 	/System/Library/Frameworks/CoreVideo.framework/Versions/A/CoreVideo
0x000000000f6fa000 	/System/Library/PrivateFrameworks/GraphVisualizer.framework/Versions/A/GraphVisualizer
0x000000000f6fa000 	/System/Library/Frameworks/MetalPerformanceShaders.framework/Versions/A/MetalPerformanceShaders
0x000000000f6fa000 	/usr/lib/libFosl_dynamic.dylib
0x000000000f6fa000 	/System/Library/PrivateFrameworks/FaceCore.framework/Versions/A/FaceCore
0x000000000f6fa000 	/System/Library/Frameworks/OpenCL.framework/Versions/A/OpenCL
0x000000000f6fa000 	/usr/lib/libcompression.dylib
0x000000000f6fa000 	/System/Library/Frameworks/ApplicationServices.framework/Versions/A/Frameworks/ATS.framework/Versions/A/Resources/libFontParser.dylib
0x000000000f6fa000 	/System/Library/Frameworks/ApplicationServices.framework/Versions/A/Frameworks/ATS.framework/Versions/A/Resources/libFontRegistry.dylib
0x000000000f6fa000 	/System/Library/Frameworks/ImageIO.framework/Versions/A/Resources/libJPEG.dylib
0x000000000f6fa000 	/System/Library/Frameworks/ImageIO.framework/Versions/A/Resources/libTIFF.dylib
0x000000000f6fa000 	/System/Library/Frameworks/ImageIO.framework/Versions/A/Resources/libPng.dylib
0x000000000f6fa000 	/System/Library/Frameworks/ImageIO.framework/Versions/A/Resources/libGIF.dylib
0x000000000f6fa000 	/System/Library/Frameworks/ImageIO.framework/Versions/A/Resources/libJP2.dylib
0x000000000f6fa000 	/System/Library/Frameworks/ImageIO.framework/Versions/A/Resources/libRadiance.dylib
0x000000000f6fa000 	/System/Library/PrivateFrameworks/AppleJPEG.framework/Versions/A/AppleJPEG
0x000000000f6fa000 	/System/Library/Frameworks/MetalPerformanceShaders.framework/Frameworks/MPSCore.framework/Versions/A/MPSCore
0x000000000f6fa000 	/System/Library/Frameworks/MetalPerformanceShaders.framework/Frameworks/MPSImage.framework/Versions/A/MPSImage
0x000000000f6fa000 	/System/Library/Frameworks/MetalPerformanceShaders.framework/Frameworks/MPSNeuralNetwork.framework/Versions/A/MPSNeuralNetwork
0x000000000f6fa000 	/System/Library/Frameworks/MetalPerformanceShaders.framework/Frameworks/MPSMatrix.framework/Versions/A/MPSMatrix
0x000000000f6fa000 	/System/Library/PrivateFrameworks/MetalTools.framework/Versions/A/MetalTools
0x000000000f6fa000 	/System/Library/Frameworks/OpenGL.framework/Versions/A/Libraries/libGLU.dylib
0x000000000f6fa000 	/System/Library/Frameworks/OpenGL.framework/Versions/A/Libraries/libGFXShared.dylib
0x000000000f6fa000 	/System/Library/Frameworks/OpenGL.framework/Versions/A/Libraries/libGL.dylib
0x000000000f6fa000 	/System/Library/Frameworks/OpenGL.framework/Versions/A/Libraries/libGLImage.dylib
0x000000000f6fa000 	/System/Library/Frameworks/OpenGL.framework/Versions/A/Libraries/libCVMSPluginSupport.dylib
0x000000000f6fa000 	/System/Library/Frameworks/OpenGL.framework/Versions/A/Libraries/libCoreVMClient.dylib
0x000000000f6fa000 	/usr/lib/libcups.2.dylib
0x000000000f6fa000 	/System/Library/Frameworks/Kerberos.framework/Versions/A/Kerberos
0x000000000f6fa000 	/System/Library/Frameworks/GSS.framework/Versions/A/GSS
0x000000000f6fa000 	/usr/lib/libresolv.9.dylib
0x000000000f6fa000 	/usr/lib/libiconv.2.dylib
0x000000000f6fa000 	/System/Library/PrivateFrameworks/Heimdal.framework/Versions/A/Heimdal
0x000000000f6fa000 	/usr/lib/libheimdal-asn1.dylib
0x000000000f6fa000 	/System/Library/Frameworks/OpenDirectory.framework/Versions/A/OpenDirectory
0x000000000f6fa000 	/System/Library/PrivateFrameworks/CommonAuth.framework/Versions/A/CommonAuth
0x000000000f6fa000 	/System/Library/Frameworks/OpenDirectory.framework/Versions/A/Frameworks/CFOpenDirectory.framework/Versions/A/CFOpenDirectory
0x000000000f6fa000 	/System/Library/Frameworks/SecurityFoundation.framework/Versions/A/SecurityFoundation
0x000000000f6fa000 	/System/Library/PrivateFrameworks/APFS.framework/Versions/A/APFS
0x000000000f6fa000 	/usr/lib/libutil.dylib
0x000000000f6fa000 	/System/Library/PrivateFrameworks/AppleSauce.framework/Versions/A/AppleSauce
0x000000000f6fa000 	/System/Library/PrivateFrameworks/LinguisticData.framework/Versions/A/LinguisticData
0x000000000f6fa000 	/usr/lib/libmarisa.dylib
0x000000000f6fa000 	/System/Library/PrivateFrameworks/Lexicon.framework/Versions/A/Lexicon
0x000000000f6fa000 	/usr/lib/libChineseTokenizer.dylib
0x000000000f6fa000 	/usr/lib/libcmph.dylib
0x000000000f6fa000 	/System/Library/PrivateFrameworks/LanguageModeling.framework/Versions/A/LanguageModeling
0x000000000f6fa000 	/System/Library/PrivateFrameworks/CoreEmoji.framework/Versions/A/CoreEmoji
0x000000000f6fa000 	/System/Library/Frameworks/ServiceManagement.framework/Versions/A/ServiceManagement
0x000000000f6fa000 	/System/Library/PrivateFrameworks/BackgroundTaskManagement.framework/Versions/A/BackgroundTaskManagement
0x000000000f6fa000 	/usr/lib/libxslt.1.dylib
0x000000000f6fa000 	/System/Library/Frameworks/Carbon.framework/Versions/A/Frameworks/Ink.framework/Versions/A/Ink
0x000000000f6fa000 	/System/Library/PrivateFrameworks/TextureIO.framework/Versions/A/TextureIO
0x000000000f6fa000 	/usr/lib/libate.dylib
0x000000000f6fa000 	/System/Library/PrivateFrameworks/CrashReporterSupport.framework/Versions/A/CrashReporterSupport
0x000000000f6fa000 	/System/Library/PrivateFrameworks/Sharing.framework/Versions/A/Sharing
0x000000000f6fa000 	/System/Library/PrivateFrameworks/IconServices.framework/Versions/A/IconServices
0x000000000f6fa000 	/System/Library/PrivateFrameworks/AuthKit.framework/Versions/A/AuthKit
0x000000000f6fa000 	/System/Library/PrivateFrameworks/Apple80211.framework/Versions/A/Apple80211
0x000000000f6fa000 	/System/Library/PrivateFrameworks/CoreUtils.framework/Versions/A/CoreUtils
0x000000000f6fa000 	/System/Library/Frameworks/CoreWLAN.framework/Versions/A/CoreWLAN
0x000000000f6fa000 	/System/Library/Frameworks/IOBluetooth.framework/Versions/A/IOBluetooth
0x000000000f6fa000 	/System/Library/PrivateFrameworks/ProtocolBuffer.framework/Versions/A/ProtocolBuffer
0x000000000f6fa000 	/System/Library/PrivateFrameworks/MobileKeyBag.framework/Versions/A/MobileKeyBag
0x000000000f6fa000 	/System/Library/PrivateFrameworks/CorePhoneNumbers.framework/Versions/A/CorePhoneNumbers
0x000000000f6fa000 	/System/Library/PrivateFrameworks/AppleIDAuthSupport.framework/Versions/A/AppleIDAuthSupport
0x000000000f6fa000 	/System/Library/PrivateFrameworks/KeychainCircle.framework/Versions/A/KeychainCircle
0x000000000f6fa000 	/System/Library/PrivateFrameworks/CoreWiFi.framework/Versions/A/CoreWiFi
0x000000000f6fa000 	/System/Library/Frameworks/CoreBluetooth.framework/Versions/A/CoreBluetooth
0x000000000f6fa000 	/System/Library/PrivateFrameworks/DebugSymbols.framework/Versions/A/DebugSymbols
0x000000000f6fa000 	/System/Library/PrivateFrameworks/CoreSymbolication.framework/Versions/A/CoreSymbolication
0x000000000f6fa000 	/System/Library/PrivateFrameworks/Symbolication.framework/Versions/A/Symbolication
0x000000000f6fa000 	/System/Library/PrivateFrameworks/AppleFSCompression.framework/Versions/A/AppleFSCompression
0x000000000f6fa000 	/System/Library/PrivateFrameworks/SpeechRecognitionCore.framework/Versions/A/SpeechRecognitionCore
0x000000010d400000 	/Library/Java/JavaVirtualMachines/jdk1.8.0_171.jdk/Contents/Home/jre/lib/server/libjvm.dylib
0x000000000f6fa000 	/usr/lib/libstdc++.6.0.9.dylib
0x000000010cb13000 	/Library/Java/JavaVirtualMachines/jdk1.8.0_171.jdk/Contents/Home/jre/lib/libverify.dylib
0x000000010cb21000 	/Library/Java/JavaVirtualMachines/jdk1.8.0_171.jdk/Contents/Home/jre/lib/libjava.dylib
0x000000010cba1000 	/Library/Java/JavaVirtualMachines/jdk1.8.0_171.jdk/Contents/Home/jre/lib/libzip.dylib
0x0000000111c74000 	/Library/Java/JavaVirtualMachines/jdk1.8.0_171.jdk/Contents/Home/jre/lib/libnio.dylib
0x000000013af80000 	/Library/Java/JavaVirtualMachines/jdk1.8.0_171.jdk/Contents/Home/jre/lib/./libnet.dylib
0x000000013c18a000 	/Library/Java/JavaVirtualMachines/jdk1.8.0_171.jdk/Contents/Home/jre/lib/libawt.dylib
0x000000013c234000 	/Library/Java/JavaVirtualMachines/jdk1.8.0_171.jdk/Contents/Home/jre/lib/./libmlib_image.dylib
0x000000000f6fa000 	/System/Library/Frameworks/JavaVM.framework/Versions/A/Frameworks/JavaNativeFoundation.framework/Versions/A/JavaNativeFoundation
0x000000000f6fa000 	/System/Library/Frameworks/JavaVM.framework/Versions/A/Frameworks/JavaRuntimeSupport.framework/Versions/A/JavaRuntimeSupport
0x000000000f6fa000 	/System/Library/Frameworks/JavaVM.framework/Versions/A/JavaVM
0x000000000f6fa000 	/System/Library/PrivateFrameworks/JavaLaunching.framework/Versions/A/JavaLaunching
0x000000000f6fa000 	/System/Library/Frameworks/Carbon.framework/Versions/A/Carbon
0x000000000f6fa000 	/System/Library/Frameworks/Carbon.framework/Versions/A/Frameworks/CommonPanels.framework/Versions/A/CommonPanels
0x000000000f6fa000 	/System/Library/Frameworks/Carbon.framework/Versions/A/Frameworks/Help.framework/Versions/A/Help
0x000000000f6fa000 	/System/Library/Frameworks/Carbon.framework/Versions/A/Frameworks/ImageCapture.framework/Versions/A/ImageCapture
0x000000000f6fa000 	/System/Library/Frameworks/Carbon.framework/Versions/A/Frameworks/OpenScripting.framework/Versions/A/OpenScripting
0x000000000f6fa000 	/System/Library/Frameworks/Carbon.framework/Versions/A/Frameworks/Print.framework/Versions/A/Print
0x000000000f6fa000 	/System/Library/Frameworks/Carbon.framework/Versions/A/Frameworks/SecurityHI.framework/Versions/A/SecurityHI
0x000000013c300000 	/Library/Java/JavaVirtualMachines/jdk1.8.0_171.jdk/Contents/Home/jre/lib/libawt_lwawt.dylib
0x000000013c3ba000 	/Library/Java/JavaVirtualMachines/jdk1.8.0_171.jdk/Contents/Home/jre/lib/./libosxapp.dylib
0x000000000f6fa000 	/System/Library/Frameworks/ExceptionHandling.framework/Versions/A/ExceptionHandling
0x000000000f6fa000 	/System/Library/PrivateFrameworks/CoreServicesInternal.framework/Versions/A/CoreServicesInternal
0x000000000f6fa000 	/System/Library/CoreServices/RawCamera.bundle/Contents/MacOS/RawCamera
0x000000000f6fa000 	/System/Library/PrivateFrameworks/MobileAsset.framework/Versions/A/MobileAsset
0x000000000f6fa000 	/System/Library/PrivateFrameworks/StreamingZip.framework/Versions/A/StreamingZip
0x000000000f6fa000 	/System/Library/Frameworks/MediaToolbox.framework/Versions/A/MediaToolbox
0x000000000f6fa000 	/System/Library/PrivateFrameworks/CoreAVCHD.framework/Versions/A/CoreAVCHD
0x000000000f6fa000 	/System/Library/Frameworks/MediaAccessibility.framework/Versions/A/MediaAccessibility
0x000000000f6fa000 	/System/Library/PrivateFrameworks/Mangrove.framework/Versions/A/Mangrove
0x000000000f6fa000 	/System/Library/Frameworks/CoreMedia.framework/Versions/A/CoreMedia
0x000000000f6fa000 	/System/Library/Frameworks/VideoToolbox.framework/Versions/A/VideoToolbox
0x000000000f6fa000 	/System/Library/PrivateFrameworks/CoreAUC.framework/Versions/A/CoreAUC
0x000000000f6fa000 	/usr/lib/libspindump.dylib
0x000000000f6fa000 	/System/Library/PrivateFrameworks/AppleVA.framework/Versions/A/AppleVA
0x000000000f6fa000 	/System/Library/Frameworks/Accelerate.framework/Versions/A/Frameworks/vImage.framework/Versions/A/Libraries/libCGInterfaces.dylib
0x000000000f6fa000 	/System/Library/Frameworks/ApplicationServices.framework/Versions/A/Frameworks/ATS.framework/Versions/A/Resources/libTrueTypeScaler.dylib
0x000000000f6fa000 	/System/Library/Extensions/AppleIntelSKLGraphicsMTLDriver.bundle/Contents/MacOS/AppleIntelSKLGraphicsMTLDriver
0x000000000f6fa000 	/System/Library/PrivateFrameworks/GPUCompiler.framework/Versions/3802/Libraries/libmetal_timestamp.dylib
0x000000000f6fa000 	/System/Library/PrivateFrameworks/FamilyControls.framework/Versions/A/FamilyControls
0x000000000f6fa000 	/System/Library/PrivateFrameworks/CommerceKit.framework/Versions/A/Frameworks/CommerceCore.framework/Versions/A/CommerceCore
0x000000000f6fa000 	/System/Library/PrivateFrameworks/SystemAdministration.framework/Versions/A/SystemAdministration
0x000000000f6fa000 	/System/Library/PrivateFrameworks/AppContainer.framework/Versions/A/AppContainer
0x000000000f6fa000 	/System/Library/PrivateFrameworks/SecCodeWrapper.framework/Versions/A/SecCodeWrapper
0x000000000f6fa000 	/System/Library/PrivateFrameworks/DiskManagement.framework/Versions/A/DiskManagement
0x000000000f6fa000 	/System/Library/Frameworks/DirectoryService.framework/Versions/A/DirectoryService
0x000000000f6fa000 	/System/Library/PrivateFrameworks/DiskImages.framework/Versions/A/DiskImages
0x000000000f6fa000 	/System/Library/PrivateFrameworks/LoginUIKit.framework/Versions/A/Frameworks/LoginUICore.framework/Versions/A/LoginUICore
0x000000000f6fa000 	/usr/lib/libCoreStorage.dylib
0x000000000f6fa000 	/usr/lib/libcsfde.dylib
0x000000000f6fa000 	/usr/lib/libodfde.dylib
0x000000000f6fa000 	/System/Library/PrivateFrameworks/MediaKit.framework/Versions/A/MediaKit
0x000000000f6fa000 	/System/Library/Frameworks/DiscRecording.framework/Versions/A/DiscRecording
0x000000000f6fa000 	/System/Library/PrivateFrameworks/EFILogin.framework/Versions/A/EFILogin
0x000000000f6fa000 	/System/Library/PrivateFrameworks/ProtectedCloudStorage.framework/Versions/A/ProtectedCloudStorage
0x000000000f6fa000 	/usr/lib/libcurl.4.dylib
0x000000000f6fa000 	/usr/lib/libcrypto.35.dylib
0x000000000f6fa000 	/usr/lib/libssl.35.dylib
0x000000000f6fa000 	/System/Library/Frameworks/LDAP.framework/Versions/A/LDAP
0x000000000f6fa000 	/System/Library/PrivateFrameworks/TrustEvaluationAgent.framework/Versions/A/TrustEvaluationAgent
0x000000000f6fa000 	/usr/lib/libsasl2.2.dylib
0x000000000f6fa000 	/System/Library/PrivateFrameworks/CoreDaemon.framework/Versions/B/CoreDaemon
0x000000000f6fa000 	/System/Library/PrivateFrameworks/AppleSRP.framework/Versions/A/AppleSRP
0x000000000f6fa000 	/System/Library/Frameworks/OpenGL.framework/Versions/A/Resources/GLEngine.bundle/GLEngine
0x000000000f6fa000 	/System/Library/Frameworks/OpenGL.framework/Versions/A/Libraries/libGLProgrammability.dylib
0x000000013f46f000 	/System/Library/Extensions/AppleIntelSKLGraphicsGLDriver.bundle/Contents/MacOS/AppleIntelSKLGraphicsGLDriver
0x000000000f6fa000 	/System/Library/PrivateFrameworks/GPUSupport.framework/Versions/A/Libraries/libGPUSupportMercury.dylib
0x000000000f6fa000 	/System/Library/Frameworks/OpenGL.framework/Versions/A/Resources/GLRendererFloat.bundle/GLRendererFloat
0x000000000f6fa000 	/System/Library/Frameworks/OpenCL.framework/Versions/A/Libraries/libcldcpuengine.dylib
0x0000000141484000 	/Library/Java/JavaVirtualMachines/jdk1.8.0_171.jdk/Contents/Home/jre/lib/libsplashscreen.dylib
0x00000001416dc000 	/Library/Java/JavaVirtualMachines/jdk1.8.0_171.jdk/Contents/Home/jre/lib/libfontmanager.dylib
0x000000000f6fa000 	/System/Library/PrivateFrameworks/ViewBridge.framework/Versions/A/ViewBridge
0x0000000141743000 	/Library/Java/JavaVirtualMachines/jdk1.8.0_171.jdk/Contents/Home/jre/lib/libosxui.dylib
0x0000000140c85000 	/Users/julianne/ImperialComputingMScFinal/gephi-plugins-bootcamp/target/gephi-0.9.2/platform/modules/lib/libjnidispatch-422.jnilib
0x000000013c155000 	/private/var/folders/m5/fl6wrs3d7l7_6jbd0xrl5h580000gn/T/jogamp_0000/file_cache/jln7252960146856289272/jln2136519246097936140/natives/macosx-universal/libgluegen-rt.jnilib
0x000000013c15a000 	/private/var/folders/m5/fl6wrs3d7l7_6jbd0xrl5h580000gn/T/jogamp_0000/file_cache/jln7252960146856289272/jln2136519246097936140/natives/macosx-universal/libnativewindow_awt.jnilib
0x000000013c15d000 	/Library/Java/JavaVirtualMachines/jdk1.8.0_171.jdk/Contents/Home/jre/lib/libjawt.dylib
0x0000000140b17000 	/private/var/folders/m5/fl6wrs3d7l7_6jbd0xrl5h580000gn/T/jogamp_0000/file_cache/jln7252960146856289272/jln2136519246097936140/natives/macosx-universal/libnativewindow_macosx.jnilib
0x0000000149ec4000 	/private/var/folders/m5/fl6wrs3d7l7_6jbd0xrl5h580000gn/T/jogamp_0000/file_cache/jln7252960146856289272/jln2136519246097936140/natives/macosx-universal/libjogl_desktop.jnilib
0x000000015f50d000 	/private/var/folders/m5/fl6wrs3d7l7_6jbd0xrl5h580000gn/T/jogamp_0000/file_cache/jln7252960146856289272/jln2136519246097936140/natives/macosx-universal/libjogl_mobile.jnilib
0x0000000140b03000 	/Library/Java/JavaVirtualMachines/jdk1.8.0_171.jdk/Contents/Home/jre/lib/libmanagement.dylib
0x000000013d4da000 	/Library/Java/JavaVirtualMachines/jdk1.8.0_171.jdk/Contents/Home/jre/lib/libdcpr.dylib
0x0000000160224000 	/Library/Java/JavaVirtualMachines/jdk1.8.0_171.jdk/Contents/Home/jre/lib/libsunec.dylib
0x000000013d556000 	/Library/Java/JavaVirtualMachines/jdk1.8.0_171.jdk/Contents/Home/jre/lib/libosx.dylib
0x0000000143427000 	/Library/Java/JavaVirtualMachines/jdk1.8.0_171.jdk/Contents/Home/jre/lib/liblcms.dylib
0x000000000f6fa000 	/System/Library/PrivateFrameworks/login.framework/Versions/A/login

VM Arguments:
jvm_args: -Djdk.home=/Library/Java/JavaVirtualMachines/jdk1.8.0_171.jdk/Contents/Home -Dnetbeans.dirs=/Users/julianne/ImperialComputingMScFinal/gephi-plugins-bootcamp/target/gephi-0.9.2/platform:/Users/julianne/ImperialComputingMScFinal/gephi-plugins-bootcamp/target/gephi-0.9.2/gephi::/Users/julianne/ImperialComputingMScFinal/gephi-plugins-bootcamp/target/plugins_clusters/plugins -Dnetbeans.home=/Users/julianne/ImperialComputingMScFinal/gephi-plugins-bootcamp/target/gephi-0.9.2/platform -Xms64m -Xmx11468m -Xverify:none -Dsun.java2d.noddraw=true -Dsun.awt.noerasebackground=true -Dnetbeans.indexing.noFileRefresh=true -Dplugin.manager.check.interval=EVERY_DAY -Dnetbeans.logger.console=true -ea -DaddExports:java.desktop/com.apple.eawt=ALL-UNNAMED -DaddExports:java.desktop/sun.awt=ALL-UNNAMED -DaddExports:java.base/jdk.internal.jrtfs=ALL-UNNAMED -DaddExports:java.desktop/apple.laf=ALL-UNNAMED -DaddExports:java.desktop/java.awt.peer=ALL-UNNAMED -DaddExports:java.desktop/com.sun.beans.editors=ALL-UNNAMED -DaddExports:java.desktop/sun.awt.im=ALL-UNNAMED -DaddExports:java.management/sun.management=ALL-UNNAMED -XX:+HeapDumpOnOutOfMemoryError -XX:HeapDumpPath=/Users/julianne/ImperialComputingMScFinal/gephi-plugins-bootcamp/target/userdir/var/log/heapdump.hprof 
java_command: org.netbeans.Main --cachedir /Users/julianne/ImperialComputingMScFinal/gephi-plugins-bootcamp/target/userdir/var/cache --userdir /Users/julianne/ImperialComputingMScFinal/gephi-plugins-bootcamp/target/userdir --branding gephi --branding gephi
java_class_path (initial): /Users/julianne/ImperialComputingMScFinal/gephi-plugins-bootcamp/target/gephi-0.9.2/platform/lib/boot.jar:/Users/julianne/ImperialComputingMScFinal/gephi-plugins-bootcamp/target/gephi-0.9.2/platform/lib/org-openide-modules.jar:/Users/julianne/ImperialComputingMScFinal/gephi-plugins-bootcamp/target/gephi-0.9.2/platform/lib/org-openide-util-lookup.jar:/Users/julianne/ImperialComputingMScFinal/gephi-plugins-bootcamp/target/gephi-0.9.2/platform/lib/org-openide-util-ui.jar:/Users/julianne/ImperialComputingMScFinal/gephi-plugins-bootcamp/target/gephi-0.9.2/platform/lib/org-openide-util.jar:/Users/julianne/ImperialComputingMScFinal/gephi-plugins-bootcamp/target/gephi-0.9.2/platform/lib/locale/boot_ar_SA.jar:/Users/julianne/ImperialComputingMScFinal/gephi-plugins-bootcamp/target/gephi-0.9.2/platform/lib/locale/boot_bg.jar:/Users/julianne/ImperialComputingMScFinal/gephi-plugins-bootcamp/target/gephi-0.9.2/platform/lib/locale/boot_ca.jar:/Users/julianne/ImperialComputingMScFinal/gephi-plugins-bootcamp/target/gephi-0.9.2/platform/lib/locale/boot_cs.jar:/Users/julianne/ImperialComputingMScFinal/gephi-plugins-bootcamp/target/gephi-0.9.2/platform/lib/locale/boot_de.jar:/Users/julianne/ImperialComputingMScFinal/gephi-plugins-bootcamp/target/gephi-0.9.2/platform/lib/locale/boot_es.jar:/Users/julianne/ImperialComputingMScFinal/gephi-plugins-bootcamp/target/gephi-0.9.2/platform/lib/locale/boot_fr.jar:/Users/julianne/ImperialComputingMScFinal/gephi-plugins-bootcamp/target/gephi-0.9.2/platform/lib/locale/boot_gl_ES.jar:/Users/julianne/ImperialComputingMScFinal/gephi-plugins-bootcamp/target/gephi-0.9.2/platform/lib/locale/boot_in_ID.jar:/Users/julianne/ImperialComputingMScFinal/gephi-plugins-bootcamp/target/gephi-0.9.2/platform/lib/locale/boot_it.jar:/Users/julianne/ImperialComputingMScFinal/gephi-plugins-bootcamp/target/gephi-0.9.2/platform/lib/locale/boot_ja.jar:/Users/julianne/ImperialComputingMScFinal/gephi-plugins-bootcamp/target/gephi-0.9.2/platform/li
Launcher Type: SUN_STANDARD

Environment Variables:
JAVA_HOME=/Library/Java/JavaVirtualMachines/jdk1.8.0_171.jdk/Contents/Home
PATH=./bin:/usr/local/opt/rbenv/shims:/usr/local/opt/rbenv/bin:/Library/Frameworks/Python.framework/Versions/3.6/bin:/usr/local/bin:/usr/bin:/bin:/usr/sbin:/sbin:/usr/local/sbin
LD_LIBRARY_PATH=/Library/Java/JavaVirtualMachines/jdk1.8.0_171.jdk/Contents/Home/jre/lib/amd64:/Library/Java/JavaVirtualMachines/jdk1.8.0_171.jdk/Contents/Home/jre/lib/i386:
SHELL=/bin/zsh

Signal Handlers:
SIGSEGV: [libjvm.dylib+0x5b512d], sa_mask[0]=11111111011111110111111111111111, sa_flags=SA_ONSTACK|SA_RESTART|SA_SIGINFO
SIGBUS: [libjvm.dylib+0x5b512d], sa_mask[0]=11111111011111110111111111111111, sa_flags=SA_RESTART|SA_SIGINFO
SIGFPE: [libjvm.dylib+0x48aa90], sa_mask[0]=11111111011111110111111111111111, sa_flags=SA_RESTART|SA_SIGINFO
SIGPIPE: [libjvm.dylib+0x48aa90], sa_mask[0]=11111111011111110111111111111111, sa_flags=SA_RESTART|SA_SIGINFO
SIGXFSZ: [libjvm.dylib+0x48aa90], sa_mask[0]=11111111011111110111111111111111, sa_flags=SA_RESTART|SA_SIGINFO
SIGILL: [libjvm.dylib+0x48aa90], sa_mask[0]=11111111011111110111111111111111, sa_flags=SA_RESTART|SA_SIGINFO
SIGUSR1: SIG_DFL, sa_mask[0]=00000000000000000000000000000000, sa_flags=SA_RESTART
SIGUSR2: [libjvm.dylib+0x48a5ae], sa_mask[0]=00100000000000000000000000000000, sa_flags=SA_RESTART|SA_SIGINFO
SIGHUP: [libjvm.dylib+0x488b79], sa_mask[0]=11111111011111110111111111111111, sa_flags=SA_RESTART|SA_SIGINFO
SIGINT: SIG_IGN, sa_mask[0]=00000000000000000000000000000000, sa_flags=none
SIGTERM: [libjvm.dylib+0x488b79], sa_mask[0]=11111111011111110111111111111111, sa_flags=SA_RESTART|SA_SIGINFO
SIGQUIT: [libjvm.dylib+0x488b79], sa_mask[0]=11111111011111110111111111111111, sa_flags=SA_RESTART|SA_SIGINFO


---------------  S Y S T E M  ---------------

OS:Bsduname:Darwin 17.7.0 Darwin Kernel Version 17.7.0: Thu Jun 21 22:53:14 PDT 2018; root:xnu-4570.71.2~1/RELEASE_X86_64 x86_64
rlimit: STACK 8192k, CORE 0k, NPROC 1418, NOFILE 10240, AS infinity
load average:5.89 6.97 5.79

CPU:total 4 (initial active 4) (2 cores per cpu, 2 threads per core) family 6 model 78 stepping 3, cmov, cx8, fxsr, mmx, sse, sse2, sse3, ssse3, sse4.1, sse4.2, popcnt, avx, avx2, aes, clmul, erms, 3dnowpref, lzcnt, ht, tsc, tscinvbit, bmi1, bmi2, adx

Memory: 4k page, physical 16777216k(15852k free)

/proc/meminfo:


vm_info: Java HotSpot(TM) 64-Bit Server VM (25.171-b11) for bsd-amd64 JRE (1.8.0_171-b11), built on Mar 28 2018 12:50:57 by "java_re" with gcc 4.2.1 (Based on Apple Inc. build 5658) (LLVM build 2336.11.00)

time: Tue Aug 28 16:30:35 2018
elapsed time: 1194 seconds (0d 0h 19m 54s)

